<?xml version="1.0" encoding="UTF-8"?>
<!-- Generated by org.testng.reporters.JUnitReportReporter -->
<testsuite hostname="RailofyQA" failures="0" tests="1" name="com.crm.qa.testcases.LoginPageTest" time="7.263" errors="0" timestamp="2025-07-09T21:45:37 IST" skipped="0">
  <testcase classname="com.crm.qa.testcases.LoginPageTest" name="crmLogoTest" time="7.263"/>
</testsuite> <!-- com.crm.qa.testcases.LoginPageTest -->
