<?xml version="1.0" encoding="UTF-8"?>
<!-- Generated by org.testng.reporters.JUnitReportReporter -->
<testsuite hostname="RailofyQA" failures="0" tests="4" name="com.crm.qa.testcases.HomePageTest" time="34.295" errors="0" timestamp="2025-06-30T20:39:47 IST" skipped="0">
  <testcase classname="com.crm.qa.testcases.HomePageTest" name="verifyHomePageTitleTest" time="6.884"/>
  <testcase classname="com.crm.qa.testcases.HomePageTest" name="verifyContactLinkTest" time="8.839"/>
  <testcase classname="com.crm.qa.testcases.HomePageTest" name="verifyLeadsLinkTest" time="9.001"/>
  <testcase classname="com.crm.qa.testcases.HomePageTest" name="verifyOpportunityTest" time="9.571"/>
</testsuite> <!-- com.crm.qa.testcases.HomePageTest -->
