<?xml version="1.0" encoding="UTF-8"?>
<!-- Generated by org.testng.reporters.JUnitReportReporter -->
<testsuite hostname="RailofyQA" failures="0" tests="1" name="com.crm.qa.testcases.ContactsPageTest" time="16.463" errors="0" timestamp="2025-07-09T21:40:26 IST" skipped="0">
  <testcase classname="com.crm.qa.testcases.ContactsPageTest" name="verifyContactsPageTitleTest" time="16.463"/>
</testsuite> <!-- com.crm.qa.testcases.ContactsPageTest -->
