<?xml version="1.0" encoding="UTF-8"?>
<!-- Generated by org.testng.reporters.JUnitReportReporter -->
<testsuite hostname="RailofyQA" failures="0" tests="4" name="com.crm.qa.testcases.HomePageTest" time="38.436" errors="0" timestamp="2025-07-01T21:15:42 IST" skipped="0">
  <testcase classname="com.crm.qa.testcases.HomePageTest" name="verifyHomePageTitleTest" time="9.529"/>
  <testcase classname="com.crm.qa.testcases.HomePageTest" name="verifyContactLinkTest" time="9.337"/>
  <testcase classname="com.crm.qa.testcases.HomePageTest" name="verifyLeadsLinkTest" time="9.871"/>
  <testcase classname="com.crm.qa.testcases.HomePageTest" name="verifyOpportunityTest" time="9.699"/>
</testsuite> <!-- com.crm.qa.testcases.HomePageTest -->
