<?xml version="1.0" encoding="UTF-8"?>
<!-- Generated by org.testng.reporters.JUnitReportReporter -->
<testsuite hostname="RailofyQA" failures="0" tests="1" name="com.crm.qa.testcases.ContactsPageTest" time="12.076" errors="0" timestamp="2025-07-01T12:13:47 IST" skipped="0">
  <testcase classname="com.crm.qa.testcases.ContactsPageTest" name="validateCreateContactTest" time="12.076"/>
</testsuite> <!-- com.crm.qa.testcases.ContactsPageTest -->
