<?xml version="1.0" encoding="UTF-8"?>
<!-- Generated by org.testng.reporters.JUnitReportReporter -->
<testsuite hostname="RailofyQA" failures="0" tests="4" name="com.crm.qa.testcases.LeadsPageTest" time="54.137" errors="0" timestamp="2025-07-07T19:40:56 IST" skipped="0">
  <testcase classname="com.crm.qa.testcases.LeadsPageTest" name="verifyLeadsCheckedTest" time="10.242"/>
  <testcase classname="com.crm.qa.testcases.LeadsPageTest" name="verifyFilterLeadsTest" time="16.321"/>
  <testcase classname="com.crm.qa.testcases.LeadsPageTest" name="verifyLeadCardExpandTest" time="13.944"/>
  <testcase classname="com.crm.qa.testcases.LeadsPageTest" name="verifyEditAndSaveLeads" time="13.630"/>
</testsuite> <!-- com.crm.qa.testcases.LeadsPageTest -->
