<?xml version="1.0" encoding="UTF-8"?>
<!-- Generated by org.testng.reporters.JUnitReportReporter -->
<testsuite hostname="RailofyQA" failures="0" tests="1" name="com.crm.qa.testcases.LeadsPageTest" time="14.528" errors="0" timestamp="2025-07-04T15:30:02 IST" skipped="0">
  <testcase classname="com.crm.qa.testcases.LeadsPageTest" name="verifyFilterLeadsTest" time="14.528"/>
</testsuite> <!-- com.crm.qa.testcases.LeadsPageTest -->
