<?xml version="1.0" encoding="UTF-8"?>
<!-- Generated by org.testng.reporters.JUnitReportReporter -->
<testsuite hostname="RailofyQA" failures="0" tests="5" name="com.crm.qa.testcases.ContactsPageTest" time="64.678" errors="0" timestamp="2025-07-02T14:37:45 IST" skipped="0">
  <testcase classname="com.crm.qa.testcases.ContactsPageTest" name="verifySelectSingleContactTest" time="10.945"/>
  <testcase classname="com.crm.qa.testcases.ContactsPageTest" name="validateCreateandVerifyContactTest" time="12.599"/>
  <testcase classname="com.crm.qa.testcases.ContactsPageTest" name="validateCreateandVerifyContactTest" time="13.956"/>
  <testcase classname="com.crm.qa.testcases.ContactsPageTest" name="validateCreateandVerifyContactTest" time="13.222"/>
  <testcase classname="com.crm.qa.testcases.ContactsPageTest" name="validateCreateandVerifyContactTest" time="13.956"/>
</testsuite> <!-- com.crm.qa.testcases.ContactsPageTest -->
