<?xml version="1.0" encoding="UTF-8"?>
<!-- Generated by org.testng.reporters.JUnitReportReporter -->
<testsuite hostname="RailofyQA" failures="0" tests="4" name="com.crm.qa.testcases.HomePageTest" time="52.359" errors="0" timestamp="2025-07-02T20:24:58 IST" skipped="0">
  <testcase classname="com.crm.qa.testcases.HomePageTest" name="verifyHomePageTitleTest" time="7.317"/>
  <testcase classname="com.crm.qa.testcases.HomePageTest" name="verifyContactLinkTest" time="26.542"/>
  <testcase classname="com.crm.qa.testcases.HomePageTest" name="verifyLeadsLinkTest" time="9.457"/>
  <testcase classname="com.crm.qa.testcases.HomePageTest" name="verifyOpportunityTest" time="9.043"/>
</testsuite> <!-- com.crm.qa.testcases.HomePageTest -->
