<?xml version="1.0" encoding="UTF-8"?>
<!-- Generated by org.testng.reporters.JUnitReportReporter -->
<testsuite hostname="RailofyQA" failures="0" tests="1" name="com.crm.qa.testcases.OpportunitiesPageTest" time="14.977" errors="0" timestamp="2025-07-09T10:41:52 IST" skipped="0">
  <testcase classname="com.crm.qa.testcases.OpportunitiesPageTest" name="verifyCreateOpportunityTest" time="14.977"/>
</testsuite> <!-- com.crm.qa.testcases.OpportunitiesPageTest -->
